<?xml version="1.0" encoding="UTF-8"?>
<!-- Generated by org.testng.reporters.JUnitReportReporter -->
<testsuite hostname="DESKTOP-H0PE6S7" failures="0" tests="1" name="Testing.TaskGuru99" time="16.881" errors="0" timestamp="2024-11-08T16:58:37 IST" skipped="0">
  <testcase classname="Testing.TaskGuru99" name="rightClickMe" time="16.881"/>
</testsuite> <!-- Testing.TaskGuru99 -->
