<?xml version="1.0" encoding="UTF-8"?>
<!-- Generated by org.testng.reporters.JUnitReportReporter -->
<testsuite hostname="DESKTOP-H0PE6S7" failures="0" tests="1" name="Assertion.HardAssertion" time="9.056" errors="0" timestamp="2024-11-15T16:28:31 IST" skipped="0">
  <testcase classname="Assertion.HardAssertion" name="main" time="9.056">
    <system-out>
      <![CDATA[i am in dws page]]>
    </system-out>
  </testcase> <!-- main -->
  <system-out>
    <![CDATA[i am in dws page]]>
  </system-out>
</testsuite> <!-- Assertion.HardAssertion -->
