<?xml version="1.0" encoding="UTF-8"?>
<!-- Generated by org.testng.reporters.JUnitReportReporter -->
<testsuite hostname="DESKTOP-H0PE6S7" failures="0" tests="1" name="ExtentReport.BasicReport" time="21.724" errors="0" timestamp="2024-11-23T17:18:14 IST" skipped="0">
  <testcase classname="ExtentReport.BasicReport" name="main" time="21.724"/>
</testsuite> <!-- ExtentReport.BasicReport -->
