<?xml version="1.0" encoding="UTF-8"?>
<!-- Generated by org.testng.reporters.JUnitReportReporter -->
<testsuite hostname="DESKTOP-H0PE6S7" failures="0" tests="4" name="Basic.MultipleTestAnnotation" time="216.815" errors="0" timestamp="2024-11-08T15:29:36 IST" skipped="0">
  <testcase classname="Basic.MultipleTestAnnotation" name="csk" time="143.533"/>
  <testcase classname="Basic.MultipleTestAnnotation" name="csk" time="48.797"/>
  <testcase classname="Basic.MultipleTestAnnotation" name="rcb" time="14.881"/>
  <testcase classname="Basic.MultipleTestAnnotation" name="dc" time="9.604"/>
</testsuite> <!-- Basic.MultipleTestAnnotation -->
