<?xml version="1.0" encoding="UTF-8"?>
<!-- Generated by org.testng.reporters.JUnitReportReporter -->
<testsuite hostname="DESKTOP-H0PE6S7" failures="0" tests="2" name="DataProvider.ReadFromExcel" time="64.087" errors="0" timestamp="2024-11-15T16:01:03 IST" skipped="0">
  <testcase classname="DataProvider.ReadFromExcel" name="receiver" time="35.772"/>
  <testcase classname="DataProvider.ReadFromExcel" name="receiver" time="28.315"/>
</testsuite> <!-- DataProvider.ReadFromExcel -->
