<?xml version="1.0" encoding="UTF-8"?>
<!-- Generated by org.testng.reporters.JUnitReportReporter -->
<testsuite hostname="DESKTOP-H0PE6S7" failures="0" tests="1" name="Basic.LaunchWithTestNg" time="41.265" errors="0" timestamp="2024-11-06T15:39:38 IST" skipped="0">
  <testcase classname="Basic.LaunchWithTestNg" name="main" time="41.265"/>
</testsuite> <!-- Basic.LaunchWithTestNg -->
