<?xml version="1.0" encoding="UTF-8"?>
<!-- Generated by org.testng.reporters.JUnitReportReporter -->
<testsuite hostname="DESKTOP-H0PE6S7" failures="0" tests="1" name="Basic.ReadFromXml" time="0.029" errors="0" timestamp="2024-11-13T16:30:40 IST" skipped="0">
  <testcase classname="Basic.ReadFromXml" name="main" time="0.029"/>
</testsuite> <!-- Basic.ReadFromXml -->
